{"numFailedTestSuites":0,"numFailedTests":0,"numPassedTestSuites":1,"numPassedTests":2,"numPendingTestSuites":0,"numPendingTests":0,"numRuntimeErrorTestSuites":0,"numTotalTestSuites":1,"numTotalTests":2,"openHandles":[],"snapshot":{"added":0,"didUpdate":false,"failure":false,"filesAdded":0,"filesRemoved":0,"filesUnmatched":0,"filesUpdated":0,"matched":0,"total":0,"unchecked":0,"uncheckedKeysByFile":[],"unmatched":0,"updated":0},"startTime":1556638938787,"success":true,"testResults":[{"console":null,"failureMessage":null,"numFailingTests":0,"numPassingTests":2,"numPendingTests":0,"perfStats":{"end":1556638942014,"start":1556638940119},"snapshot":{"added":0,"fileDeleted":false,"matched":0,"unchecked":0,"unmatched":0,"updated":0,"uncheckedKeys":[]},"testFilePath":"/Users/hunter/Repositories/Elevation/tests/react-events-lesson-exercises/tests/exercises/ex-3.test.js","testResults":[{"ancestorTitles":["exercise3"],"duration":14,"failureMessages":[],"fullName":"exercise3 Application should render without crashing","location":null,"numPassingAsserts":0,"status":"passed","title":"Application should render without crashing"},{"ancestorTitles":["exercise3"],"duration":54,"failureMessages":[],"fullName":"exercise3 you should map an array of your 3 contacts and pass the array as the prop \"contacts\" to your List component","location":null,"numPassingAsserts":0,"status":"passed","title":"you should map an array of your 3 contacts and pass the array as the prop \"contacts\" to your List component"}],"sourceMaps":{},"skipped":false,"leaks":false}],"wasInterrupted":false}