{"numFailedTestSuites":0,"numFailedTests":0,"numPassedTestSuites":1,"numPassedTests":4,"numPendingTestSuites":0,"numPendingTests":0,"numRuntimeErrorTestSuites":0,"numTotalTestSuites":1,"numTotalTests":4,"openHandles":[],"snapshot":{"added":0,"didUpdate":false,"failure":false,"filesAdded":0,"filesRemoved":0,"filesUnmatched":0,"filesUpdated":0,"matched":0,"total":0,"unchecked":0,"uncheckedKeysByFile":[],"unmatched":0,"updated":0},"startTime":1556435231738,"success":true,"testResults":[{"console":null,"failureMessage":null,"numFailingTests":0,"numPassingTests":4,"numPendingTests":0,"perfStats":{"end":1556435238120,"start":1556435234656},"snapshot":{"added":0,"fileDeleted":false,"matched":0,"unchecked":0,"unmatched":0,"updated":0,"uncheckedKeys":[]},"testFilePath":"/Users/corinne/Desktop/elevation/react-events-lesson-exercises/tests/spot-check-1/sc-1.test.js","testResults":[{"ancestorTitles":["spotcheck1"],"duration":26,"failureMessages":[],"fullName":"spotcheck1 Application should render without crashing","location":null,"numPassingAsserts":0,"status":"passed","title":"Application should render without crashing"},{"ancestorTitles":["spotcheck1"],"duration":3,"failureMessages":[],"fullName":"spotcheck1 You should define a logHover method on your component","location":null,"numPassingAsserts":0,"status":"passed","title":"You should define a logHover method on your component"},{"ancestorTitles":["spotcheck1"],"duration":16,"failureMessages":[],"fullName":"spotcheck1 You should have a button with an `id` of `logger`","location":null,"numPassingAsserts":0,"status":"passed","title":"You should have a button with an `id` of `logger`"},{"ancestorTitles":["spotcheck1"],"duration":7,"failureMessages":[],"fullName":"spotcheck1 your logHover method should console.log \"I was hovered!\" when the mouse enters the button","location":null,"numPassingAsserts":0,"status":"passed","title":"your logHover method should console.log \"I was hovered!\" when the mouse enters the button"}],"sourceMaps":{},"skipped":false,"leaks":false}],"wasInterrupted":false}